<!DOCTYPE HTML PUBLIC "-//W3C//DTD HTML 4.01 Transitional//EN">
<HTML>
 <HEAD>
   <TITLE> [deprecated list] [Yade-dev] Automated crash report	for	/tmp/yade-14387/bin/yade-svn1626:	DirectShearCis, FEMBeam,	HydraulicTest, SDECImpactTest, STLImporterTest, SimpleShear,	SnowVoxelsLoader, TriaxialTestWater, USCTGen
   </TITLE>
   <LINK REL="Index" HREF="http://lists.berlios.de/pipermail/yade-dev/2009/index.html" >
   <LINK REL="made" HREF="mailto:yade-dev%40lists.berlios.de?Subject=Re%3A%20%5Bdeprecated%20list%5D%20%5BYade-dev%5D%20Automated%20crash%20report%0A%09for%09/tmp/yade-14387/bin/yade-svn1626%3A%09DirectShearCis%2C%20FEMBeam%2C%0A%09HydraulicTest%2C%20SDECImpactTest%2C%20STLImporterTest%2C%20SimpleShear%2C%0A%09SnowVoxelsLoader%2C%20TriaxialTestWater%2C%20USCTGen&In-Reply-To=%3C20090117231320.013D19806C%40delta%3E">
   <META NAME="robots" CONTENT="index,nofollow">
   <style type="text/css">
       pre {
           white-space: pre-wrap;       /* css-2.1, curent FF, Opera, Safari */
           }
   </style>
   <META http-equiv="Content-Type" content="text/html; charset=us-ascii">
   <LINK REL="Previous"  HREF="000596.html">
   <LINK REL="Next"  HREF="000598.html">
 </HEAD>
 <BODY BGCOLOR="#ffffff">
   <H1>[deprecated list] [Yade-dev] Automated crash report	for	/tmp/yade-14387/bin/yade-svn1626:	DirectShearCis, FEMBeam,	HydraulicTest, SDECImpactTest, STLImporterTest, SimpleShear,	SnowVoxelsLoader, TriaxialTestWater, USCTGen</H1>
    <B>eudoxos at arcig.cz</B> 
    <A HREF="mailto:yade-dev%40lists.berlios.de?Subject=Re%3A%20%5Bdeprecated%20list%5D%20%5BYade-dev%5D%20Automated%20crash%20report%0A%09for%09/tmp/yade-14387/bin/yade-svn1626%3A%09DirectShearCis%2C%20FEMBeam%2C%0A%09HydraulicTest%2C%20SDECImpactTest%2C%20STLImporterTest%2C%20SimpleShear%2C%0A%09SnowVoxelsLoader%2C%20TriaxialTestWater%2C%20USCTGen&In-Reply-To=%3C20090117231320.013D19806C%40delta%3E"
       TITLE="[deprecated list] [Yade-dev] Automated crash report	for	/tmp/yade-14387/bin/yade-svn1626:	DirectShearCis, FEMBeam,	HydraulicTest, SDECImpactTest, STLImporterTest, SimpleShear,	SnowVoxelsLoader, TriaxialTestWater, USCTGen">eudoxos at arcig.cz
       </A><BR>
    <I>Sun Jan 18 00:13:19 CET 2009</I>
    <P><UL>
        <LI>Previous message: <A HREF="000596.html">[deprecated list] [Yade-dev] [svn] r1626 - in trunk/gui: . py
</A></li>
        <LI>Next message: <A HREF="000598.html">[deprecated list] [Yade-dev] [svn] r1627 - in trunk: extra	gui/qt3	pkg/common/Engine/DeusExMachina
</A></li>
         <LI> <B>Messages sorted by:</B> 
              <a href="date.html#597">[ date ]</a>
              <a href="thread.html#597">[ thread ]</a>
              <a href="subject.html#597">[ subject ]</a>
              <a href="author.html#597">[ author ]</a>
         </LI>
       </UL>
    <HR>  
<!--beginarticle-->
<PRE>################################################################################
DirectShearCis: generator CRASH
################################################################################
WARNING: cannot open file used for capillary law, in TriaxalTestWater
Python TCP server listening on localhost:9001, auth cookie is `ausskc'
Running script /tmp/yade-test-17341.py
Cannot find input file
Traceback (most recent call last):
  File &quot;/tmp/yade-14387/lib/yade-svn1626/gui/PythonUI_rc.py&quot;, line 41, in &lt;module&gt;
    try: execfile(runtime.script)
  File &quot;/tmp/yade-test-17341.py&quot;, line 3, in &lt;module&gt;
    Preprocessor('DirectShearCis').generate('/tmp/yade-test-17341.xml')
RuntimeError: Generator reported error: Cannot find input file

################################################################################
FEMBeam: generator CRASH
################################################################################
WARNING: cannot open file used for capillary law, in TriaxalTestWater
Python TCP server listening on localhost:9001, auth cookie is `ecydus'
Running script /tmp/yade-test-17341.py
/tmp/yade-14387/build-svn1626/include/yade-svn1626/yade/core/MetaEngine1D.hpp:57 WARNING! dynamic cast of engine unit FEMTetrahedronStiffness failed, will use static_cast. Go figure why.
/tmp/yade-14387/build-svn1626/include/yade-svn1626/yade/core/MetaEngine2D.hpp:61 WARNING! dynamic cast of engine unit FEMSet2Tetrahedrons failed, will use static_cast. Go figure why.
Traceback (most recent call last):
  File &quot;/tmp/yade-14387/lib/yade-svn1626/gui/PythonUI_rc.py&quot;, line 41, in &lt;module&gt;
    try: execfile(runtime.script)
  File &quot;/tmp/yade-test-17341.py&quot;, line 3, in &lt;module&gt;
    Preprocessor('FEMBeam').generate('/tmp/yade-test-17341.xml')
RuntimeError: Generator reported error: Cannot find input file, you can copy it from examples/ directory

################################################################################
HydraulicTest: generator CRASH
################################################################################
WARNING: cannot open file used for capillary law, in TriaxalTestWater
Python TCP server listening on localhost:9001, auth cookie is `ycassu'
Traceback (most recent call last):
  File &quot;/tmp/yade-14387/lib/yade-svn1626/gui/PythonUI_rc.py&quot;, line 41, in &lt;module&gt;
    try: execfile(runtime.script)
  File &quot;/tmp/yade-test-17341.py&quot;, line 3, in &lt;module&gt;
    Preprocessor('HydraulicTest').generate('/tmp/yade-test-17341.xml')
RuntimeError: Generator reported error: Error: cannot load the file that should contain spheres
Running script /tmp/yade-test-17341.py

################################################################################
SDECImpactTest: generator CRASH
################################################################################
WARNING: cannot open file used for capillary law, in TriaxalTestWater
Python TCP server listening on localhost:9001, auth cookie is `adkscs'
Traceback (most recent call last):
  File &quot;/tmp/yade-14387/lib/yade-svn1626/gui/PythonUI_rc.py&quot;, line 41, in &lt;module&gt;
    try: execfile(runtime.script)
  File &quot;/tmp/yade-test-17341.py&quot;, line 3, in &lt;module&gt;
    Preprocessor('SDECImpactTest').generate('/tmp/yade-test-17341.xml')
RuntimeError: Generator reported error: Cannot find input file, you can copy it from examples/ directory
Running script /tmp/yade-test-17341.py

################################################################################
STLImporterTest: generator CRASH
################################################################################
WARNING: cannot open file used for capillary law, in TriaxalTestWater
Python TCP server listening on localhost:9001, auth cookie is `dsycus'
Running script /tmp/yade-test-17341.py
Import walls geometry from file: hourglass.stl
1119 [140295192827696] ERROR yade.STLImporter  - lib/import/STLImporter.cpp:27 open: Can't open file: hourglass.stl
ERROR: Bad file: hourglass.stl
Traceback (most recent call last):
  File &quot;/tmp/yade-14387/lib/yade-svn1626/gui/PythonUI_rc.py&quot;, line 41, in &lt;module&gt;
    try: execfile(runtime.script)
  File &quot;/tmp/yade-test-17341.py&quot;, line 3, in &lt;module&gt;
    Preprocessor('STLImporterTest').generate('/tmp/yade-test-17341.xml')
RuntimeError: Generator reported error: Input file not found, you can copy it from examples/ directory or make one using blender 3D modelling

################################################################################
SimpleShear: generator CRASH
################################################################################
WARNING: cannot open file used for capillary law, in TriaxalTestWater
Python TCP server listening on localhost:9001, auth cookie is `sakscd'
Running script /tmp/yade-test-17341.py
Cannot find input file
Traceback (most recent call last):
  File &quot;/tmp/yade-14387/lib/yade-svn1626/gui/PythonUI_rc.py&quot;, line 41, in &lt;module&gt;
    try: execfile(runtime.script)
  File &quot;/tmp/yade-test-17341.py&quot;, line 3, in &lt;module&gt;
    Preprocessor('SimpleShear').generate('/tmp/yade-test-17341.xml')
RuntimeError: Generator reported error: Cannot find input file

################################################################################
SnowVoxelsLoader: generator CRASH
################################################################################
WARNING: cannot open file used for capillary law, in TriaxalTestWater
Python TCP server listening on localhost:9001, auth cookie is `cskdyu'
Traceback (most recent call last):
  File &quot;/tmp/yade-14387/lib/yade-svn1626/gui/PythonUI_rc.py&quot;, line 41, in &lt;module&gt;
    try: execfile(runtime.script)
  File &quot;/tmp/yade-test-17341.py&quot;, line 3, in &lt;module&gt;
    Preprocessor('SnowVoxelsLoader').generate('/tmp/yade-test-17341.xml')
RuntimeError: Generator reported error: cannot load txt yet, or nothing to load
Running script /tmp/yade-test-17341.py

################################################################################
TriaxialTestWater: simulation CRASH
################################################################################
WARNING: cannot open file used for capillary law, in TriaxalTestWater
Python TCP server listening on localhost:9001, auth cookie is `sudeyk'
Running script /tmp/yade-test-17341.py
current Iteration 0
yade-svn1626: /tmp/yade-14387/build-svn1626/include/yade-svn1626/yade/lib-multimethods/DynLibDispatcher.hpp:451: bool DynLibDispatcher&lt;BaseClass, Executor, ResultType, TList, autoSymmetry&gt;::locateMultivirtualFunctor2D(int&amp;, int&amp;, boost::shared_ptr&lt;typename Loki::TL::TypeAtNonStrict&lt;typename Loki::TL::Append&lt;Loki::NullType, T&gt;::Result, 0u, Loki::NullType&gt;::Result&gt;&amp;, boost::shared_ptr&lt;typename Loki::TL::TypeAtNonStrict&lt;typename Loki::TL::Append&lt;Loki::NullType, T&gt;::Result, 1u, Loki::NullType&gt;::Result&gt;&amp;) [with BaseClass = Loki::Typelist&lt;PhysicalParameters, Loki::Typelist&lt;PhysicalParameters, Loki::NullType&gt; &gt;, Executor = InteractionPhysicsEngineUnit, ResultType = void, TList = Loki::Typelist&lt;const boost::shared_ptr&lt;PhysicalParameters&gt;&amp;, Loki::Typelist&lt;const boost::shared_ptr&lt;PhysicalParameters&gt;&amp;, Loki::Typelist&lt;const boost::shared_ptr&lt;Interaction&gt;&amp;, Loki::NullType&gt; &gt; &gt;, bool autoSymmetry = true]: Assertion `index1 &gt;= 0 &amp;&amp; (unsigned int)( index1 ) &lt; callBacks.size() &amp;&amp; index2 &gt;= 0 
 &amp;&amp; (unsigned int)( index2 ) &lt; callBacks[index1].size()' failed.
SIGSEGV/SIGABRT handler called; gdb batch file is `/home/profesori/eudoxos/.yade-svn1626/gdb_crash_batch-pid17473'
GNU gdb 6.8-debian
Copyright (C) 2008 Free Software Foundation, Inc.
License GPLv3+: GNU GPL version 3 or later &lt;<A HREF="http://gnu.org/licenses/gpl.html">http://gnu.org/licenses/gpl.html</A>&gt;
This is free software: you are free to change and redistribute it.
There is NO WARRANTY, to the extent permitted by law.  Type &quot;show copying&quot;
and &quot;show warranty&quot; for details.
This GDB was configured as &quot;x86_64-linux-gnu&quot;.
[Thread debugging using libthread_db enabled]
[New Thread 0x7f30b9912730 (LWP 17473)]
[New Thread 0x408bf950 (LWP 17475)]
[New Thread 0x41cbb950 (LWP 17474)]
warning: Lowest section in /usr/lib/libicudata.so.38 is .hash at 0000000000000120
0x00007f30b91b7e81 in nanosleep () from /lib/libpthread.so.0
No symbol &quot;info&quot; in current context.

Thread 3 (Thread 0x41cbb950 (LWP 17474)):
#0  0x00007f30b91b77fb in accept () from /lib/libpthread.so.0
#1  0x00007f3082820947 in ?? () from /usr/lib/python2.5/lib-dynload/_socket.so
#2  0x00007f30b947db57 in PyEval_EvalFrameEx () from /usr/lib/libpython2.5.so.1.0
#3  0x00007f30b947e893 in PyEval_EvalFrameEx () from /usr/lib/libpython2.5.so.1.0
#4  0x00007f30b947e893 in PyEval_EvalFrameEx () from /usr/lib/libpython2.5.so.1.0
#5  0x00007f30b947e893 in PyEval_EvalFrameEx () from /usr/lib/libpython2.5.so.1.0
#6  0x00007f30b947fa86 in PyEval_EvalCodeEx () from /usr/lib/libpython2.5.so.1.0
#7  0x00007f30b941f70a in ?? () from /usr/lib/libpython2.5.so.1.0
#8  0x00007f30b93fdf23 in PyObject_Call () from /usr/lib/libpython2.5.so.1.0
#9  0x00007f30b940565f in ?? () from /usr/lib/libpython2.5.so.1.0
#10 0x00007f30b93fdf23 in PyObject_Call () from /usr/lib/libpython2.5.so.1.0
#11 0x00007f30b9478a1e in PyEval_CallObjectWithKeywords () from /usr/lib/libpython2.5.so.1.0
#12 0x00007f30b94adeed in ?? () from /usr/lib/libpython2.5.so.1.0
#13 0x00007f30b91b03f7 in start_thread () from /lib/libpthread.so.0
#14 0x00007f30b55e2b3d in clone () from /lib/libc.so.6
#15 0x0000000000000000 in ?? ()

Thread 2 (Thread 0x408bf950 (LWP 17475)):
#0  0x00007f30b55a84df in waitpid () from /lib/libc.so.6
#1  0x00007f30b5549461 in ?? () from /lib/libc.so.6
#2  0x00007f30b55497e7 in system () from /lib/libc.so.6
#3  0x000000000058c01e in sigHandler (sig=6) at core/yade.cpp:65
#4  &lt;signal handler called&gt;
#5  0x00007f30b553d095 in raise () from /lib/libc.so.6
#6  0x00007f30b553eaf0 in abort () from /lib/libc.so.6
#7  0x00007f30b55362df in __assert_fail () from /lib/libc.so.6
#8  0x00007f30abe9b322 in DynLibDispatcher&lt;Loki::Typelist&lt;PhysicalParameters, Loki::Typelist&lt;PhysicalParameters, Loki::NullType&gt; &gt;, InteractionPhysicsEngineUnit, void, Loki::Typelist&lt;boost::shared_ptr&lt;PhysicalParameters&gt; const&amp;, Loki::Typelist&lt;boost::shared_ptr&lt;PhysicalParameters&gt; const&amp;, Loki::Typelist&lt;boost::shared_ptr&lt;Interaction&gt; const&amp;, Loki::NullType&gt; &gt; &gt;, true&gt;::locateMultivirtualFunctor2D (this=0xd21868, index1=@0x408becac, index2=@0x408beca8, base1=@0xd37958, base2=@0xd23dd8) at /tmp/yade-14387/build-svn1626/include/yade-svn1626/yade/lib-multimethods/DynLibDispatcher.hpp:450
#9  0x00007f30abe9baa5 in DynLibDispatcher&lt;Loki::Typelist&lt;PhysicalParameters, Loki::Typelist&lt;PhysicalParameters, Loki::NullType&gt; &gt;, InteractionPhysicsEngineUnit, void, Loki::Typelist&lt;boost::shared_ptr&lt;PhysicalParameters&gt; const&amp;, Loki::Typelist&lt;boost::shared_ptr&lt;PhysicalParameters&gt; const&amp;, Loki::Typelist&lt;boost::shared_ptr&lt;Interaction&gt; const&amp;, Loki::NullType&gt; &gt; &gt;, true&gt;::operator() (this=0xd21868, base1=@0xd37958, base2=@0xd23dd8, p3=@0x408bed10) at /tmp/yade-14387/build-svn1626/include/yade-svn1626/yade/lib-multimethods/DynLibDispatcher.hpp:843
#10 0x00007f30abe69bf6 in InteractionPhysicsMetaEngine::action (this=0xd21820, ncb=0x8a9830) at pkg/common/Engine/MetaEngine/InteractionPhysicsMetaEngine.cpp:52
#11 0x00000000005274b7 in MetaBody::moveToNextTimeStep (this=0x8a9830) at core/MetaBody.cpp:78
#12 0x0000000000582f05 in SimulationFlow::singleAction (this=0x843c10) at core/SimulationFlow.cpp:18
#13 0x0000000000584e5f in ThreadWorker::callSingleAction (this=0x843c10) at core/ThreadWorker.cpp:71
#14 0x0000000000584652 in ThreadRunner::call (this=0x8a99f0) at core/ThreadRunner.cpp:44
#15 0x00000000005846b8 in ThreadRunner::run (this=0x8a99f0) at core/ThreadRunner.cpp:23
#16 0x0000000000584b30 in boost::_mfi::mf0&lt;void, ThreadRunner&gt;::operator() (this=0x408bf0c8, p=0x8a99f0) at /usr/include/boost/bind/mem_fn_template.hpp:49
#17 0x0000000000584b9d in boost::_bi::list1&lt;boost::_bi::value&lt;ThreadRunner*&gt; &gt;::operator()&lt;boost::_mfi::mf0&lt;void, ThreadRunner&gt;, boost::_bi::list0&gt; (this=0x408bf0d8, f=@0x408bf0c8, a=@0x408bf02f) at /usr/include/boost/bind.hpp:231
#18 0x0000000000584bda in boost::_bi::bind_t&lt;void, boost::_mfi::mf0&lt;void, ThreadRunner&gt;, boost::_bi::list1&lt;boost::_bi::value&lt;ThreadRunner*&gt; &gt; &gt;::operator() (this=0x408bf0c8) at /usr/include/boost/bind/bind_template.hpp:20
#19 0x0000000000584bf9 in boost::detail::function::void_function_obj_invoker0&lt;boost::_bi::bind_t&lt;void, boost::_mfi::mf0&lt;void, ThreadRunner&gt;, boost::_bi::list1&lt;boost::_bi::value&lt;ThreadRunner*&gt; &gt; &gt;, void&gt;::invoke (function_obj_ptr=@0x408bf0c8) at /usr/include/boost/function/function_template.hpp:155
#20 0x00007f30b8b51537 in boost::function0&lt;void, std::allocator&lt;boost::function_base&gt; &gt;::operator() () from /usr/lib/libboost_thread-gcc42-mt-1_34_1.so.1.34.1
#21 0x00007f30b8b511a2 in ?? () from /usr/lib/libboost_thread-gcc42-mt-1_34_1.so.1.34.1
#22 0x00007f30b91b03f7 in start_thread () from /lib/libpthread.so.0
#23 0x00007f30b55e2b3d in clone () from /lib/libc.so.6
#24 0x0000000000000000 in ?? ()

Thread 1 (Thread 0x7f30b9912730 (LWP 17473)):
#0  0x00007f30b91b7e81 in nanosleep () from /lib/libpthread.so.0
#1  0x00007f308739e925 in pyOmega::wait (this=0x115d270) at gui/py/yadeControl.cpp:437
#2  0x00007f3087284fa1 in boost::python::detail::invoke&lt;int, void (pyOmega::*)(), boost::python::arg_from_python&lt;pyOmega&amp;&gt; &gt; (f=@0xa1af38, tc=@0x7fffc19528b0) at /usr/include/boost/python/detail/invoke.hpp:94
#3  0x00007f3087334c22 in boost::python::detail::caller_arity&lt;1u&gt;::impl&lt;void (pyOmega::*)(), boost::python::default_call_policies, boost::mpl::vector2&lt;void, pyOmega&amp;&gt; &gt;::operator() (this=0xa1af38, args_=0x1106a50) at /usr/include/boost/python/detail/caller.hpp:199
#4  0x00007f3087334c75 in boost::python::objects::caller_py_function_impl&lt;boost::python::detail::caller&lt;void (pyOmega::*)(), boost::python::default_call_policies, boost::mpl::vector2&lt;void, pyOmega&amp;&gt; &gt; &gt;::operator() (this=0xa1af30, args=0x1106a50, kw=0x0) at /usr/include/boost/python/object/py_function.hpp:38
#5  0x00007f30b6eceabe in boost::python::objects::function::call () from /usr/lib/libboost_python-gcc42-mt-1_34_1.so.1.34.1
#6  0x00007f30b6ecede8 in ?? () from /usr/lib/libboost_python-gcc42-mt-1_34_1.so.1.34.1
#7  0x00007f30b8b51537 in boost::function0&lt;void, std::allocator&lt;boost::function_base&gt; &gt;::operator() () from /usr/lib/libboost_thread-gcc42-mt-1_34_1.so.1.34.1
#8  0x00007f30b6ed69f8 in boost::python::handle_exception_impl () from /usr/lib/libboost_python-gcc42-mt-1_34_1.so.1.34.1
#9  0x00007f30b6ecc127 in ?? () from /usr/lib/libboost_python-gcc42-mt-1_34_1.so.1.34.1
#10 0x00007f30b93fdf23 in PyObject_Call () from /usr/lib/libpython2.5.so.1.0
#11 0x00007f30b947bbb0 in PyEval_EvalFrameEx () from /usr/lib/libpython2.5.so.1.0
#12 0x00007f30b947fa86 in PyEval_EvalCodeEx () from /usr/lib/libpython2.5.so.1.0
#13 0x00007f30b947fba2 in PyEval_EvalCode () from /usr/lib/libpython2.5.so.1.0
#14 0x00007f30b94a2da1 in PyRun_FileExFlags () from /usr/lib/libpython2.5.so.1.0
#15 0x00007f30b94778d6 in ?? () from /usr/lib/libpython2.5.so.1.0
#16 0x00007f30b947e940 in PyEval_EvalFrameEx () from /usr/lib/libpython2.5.so.1.0
#17 0x00007f30b947fa86 in PyEval_EvalCodeEx () from /usr/lib/libpython2.5.so.1.0
#18 0x00007f30b947fba2 in PyEval_EvalCode () from /usr/lib/libpython2.5.so.1.0
#19 0x00007f30b94a2da1 in PyRun_FileExFlags () from /usr/lib/libpython2.5.so.1.0
#20 0x00007f30b94a303b in PyRun_SimpleFileExFlags () from /usr/lib/libpython2.5.so.1.0
#21 0x00007f30a5bc75cc in PythonUI::execScript (script={static npos = 18446744073709551615, _M_dataplus = {&lt;std::allocator&lt;char&gt;&gt; = {&lt;__gnu_cxx::new_allocator&lt;char&gt;&gt; = {&lt;No data fields&gt;}, &lt;No data fields&gt;}, _M_p = 0x7fffc1953900 &quot;&#216;&#162;\212&quot;}}) at gui/py/PythonUI.cpp:44
#22 0x00007f30a5bc891b in PythonUI::pythonSession () at gui/py/PythonUI.cpp:96
#23 0x00007f30a5bc98d9 in PythonUI::run (this=0x844800, argc=4, argv=0x7fffc1954620) at gui/py/PythonUI.cpp:128
#24 0x000000000058b93c in main (argc=4, argv=0x7fffc1954620) at core/yade.cpp:260
#0  0x00007f30b91b7e81 in nanosleep () from /lib/libpthread.so.0

################################################################################
USCTGen: simulation CRASH
################################################################################
WARNING: cannot open file used for capillary law, in TriaxalTestWater
Python TCP server listening on localhost:9001, auth cookie is `uacssd'
yade-svn1626: extra/Brefcom.cpp:155: virtual void BrefcomLaw::action(MetaBody*): Assertion `contGeom-&gt;hasShear' failed.
Running script /tmp/yade-test-17341.py
SIGSEGV/SIGABRT handler called; gdb batch file is `/home/profesori/eudoxos/.yade-svn1626/gdb_crash_batch-pid17482'
GNU gdb 6.8-debian
Copyright (C) 2008 Free Software Foundation, Inc.
License GPLv3+: GNU GPL version 3 or later &lt;<A HREF="http://gnu.org/licenses/gpl.html">http://gnu.org/licenses/gpl.html</A>&gt;
This is free software: you are free to change and redistribute it.
There is NO WARRANTY, to the extent permitted by law.  Type &quot;show copying&quot;
and &quot;show warranty&quot; for details.
This GDB was configured as &quot;x86_64-linux-gnu&quot;.
[Thread debugging using libthread_db enabled]
[New Thread 0x7fbb5e29f730 (LWP 17482)]
[New Thread 0x4194e950 (LWP 17484)]
[New Thread 0x40e9e950 (LWP 17483)]
warning: Lowest section in /usr/lib/libicudata.so.38 is .hash at 0000000000000120
0x00007fbb5db44e81 in nanosleep () from /lib/libpthread.so.0
No symbol &quot;info&quot; in current context.

Thread 3 (Thread 0x40e9e950 (LWP 17483)):
#0  0x00007fbb5db447fb in accept () from /lib/libpthread.so.0
#1  0x00007fbb271ad947 in ?? () from /usr/lib/python2.5/lib-dynload/_socket.so
#2  0x00007fbb5de0ab57 in PyEval_EvalFrameEx () from /usr/lib/libpython2.5.so.1.0
#3  0x00007fbb5de0b893 in PyEval_EvalFrameEx () from /usr/lib/libpython2.5.so.1.0
#4  0x00007fbb5de0b893 in PyEval_EvalFrameEx () from /usr/lib/libpython2.5.so.1.0
#5  0x00007fbb5de0b893 in PyEval_EvalFrameEx () from /usr/lib/libpython2.5.so.1.0
#6  0x00007fbb5de0ca86 in PyEval_EvalCodeEx () from /usr/lib/libpython2.5.so.1.0
#7  0x00007fbb5ddac70a in ?? () from /usr/lib/libpython2.5.so.1.0
#8  0x00007fbb5dd8af23 in PyObject_Call () from /usr/lib/libpython2.5.so.1.0
#9  0x00007fbb5dd9265f in ?? () from /usr/lib/libpython2.5.so.1.0
#10 0x00007fbb5dd8af23 in PyObject_Call () from /usr/lib/libpython2.5.so.1.0
#11 0x00007fbb5de05a1e in PyEval_CallObjectWithKeywords () from /usr/lib/libpython2.5.so.1.0
#12 0x00007fbb5de3aeed in ?? () from /usr/lib/libpython2.5.so.1.0
#13 0x00007fbb5db3d3f7 in start_thread () from /lib/libpthread.so.0
#14 0x00007fbb59f6fb3d in clone () from /lib/libc.so.6
#15 0x0000000000000000 in ?? ()

Thread 2 (Thread 0x4194e950 (LWP 17484)):
#0  0x00007fbb59f354df in waitpid () from /lib/libc.so.6
#1  0x00007fbb59ed6461 in ?? () from /lib/libc.so.6
#2  0x00007fbb59ed67e7 in system () from /lib/libc.so.6
#3  0x000000000058c01e in sigHandler (sig=6) at core/yade.cpp:65
#4  &lt;signal handler called&gt;
#5  0x00007fbb59eca095 in raise () from /lib/libc.so.6
#6  0x00007fbb59ecbaf0 in abort () from /lib/libc.so.6
#7  0x00007fbb59ec32df in __assert_fail () from /lib/libc.so.6
#8  0x00007fbb4c51f12c in BrefcomLaw::action (this=0xd21e70, _rootBody=0x8a9830) at extra/Brefcom.cpp:155
#9  0x00000000005274b7 in MetaBody::moveToNextTimeStep (this=0x8a9830) at core/MetaBody.cpp:78
#10 0x0000000000582f05 in SimulationFlow::singleAction (this=0x843c10) at core/SimulationFlow.cpp:18
#11 0x0000000000584e5f in ThreadWorker::callSingleAction (this=0x843c10) at core/ThreadWorker.cpp:71
#12 0x0000000000584652 in ThreadRunner::call (this=0xd24450) at core/ThreadRunner.cpp:44
#13 0x00000000005846b8 in ThreadRunner::run (this=0xd24450) at core/ThreadRunner.cpp:23
#14 0x0000000000584b30 in boost::_mfi::mf0&lt;void, ThreadRunner&gt;::operator() (this=0x4194e0c8, p=0xd24450) at /usr/include/boost/bind/mem_fn_template.hpp:49
#15 0x0000000000584b9d in boost::_bi::list1&lt;boost::_bi::value&lt;ThreadRunner*&gt; &gt;::operator()&lt;boost::_mfi::mf0&lt;void, ThreadRunner&gt;, boost::_bi::list0&gt; (this=0x4194e0d8, f=@0x4194e0c8, a=@0x4194e02f) at /usr/include/boost/bind.hpp:231
#16 0x0000000000584bda in boost::_bi::bind_t&lt;void, boost::_mfi::mf0&lt;void, ThreadRunner&gt;, boost::_bi::list1&lt;boost::_bi::value&lt;ThreadRunner*&gt; &gt; &gt;::operator() (this=0x4194e0c8) at /usr/include/boost/bind/bind_template.hpp:20
#17 0x0000000000584bf9 in boost::detail::function::void_function_obj_invoker0&lt;boost::_bi::bind_t&lt;void, boost::_mfi::mf0&lt;void, ThreadRunner&gt;, boost::_bi::list1&lt;boost::_bi::value&lt;ThreadRunner*&gt; &gt; &gt;, void&gt;::invoke (function_obj_ptr=@0x4194e0c8) at /usr/include/boost/function/function_template.hpp:155
#18 0x00007fbb5d4de537 in boost::function0&lt;void, std::allocator&lt;boost::function_base&gt; &gt;::operator() () from /usr/lib/libboost_thread-gcc42-mt-1_34_1.so.1.34.1
#19 0x00007fbb5d4de1a2 in ?? () from /usr/lib/libboost_thread-gcc42-mt-1_34_1.so.1.34.1
#20 0x00007fbb5db3d3f7 in start_thread () from /lib/libpthread.so.0
#21 0x00007fbb59f6fb3d in clone () from /lib/libc.so.6
#22 0x0000000000000000 in ?? ()

Thread 1 (Thread 0x7fbb5e29f730 (LWP 17482)):
#0  0x00007fbb5db44e81 in nanosleep () from /lib/libpthread.so.0
#1  0x00007fbb2bd2b925 in pyOmega::wait (this=0x115d270) at gui/py/yadeControl.cpp:437
#2  0x00007fbb2bc11fa1 in boost::python::detail::invoke&lt;int, void (pyOmega::*)(), boost::python::arg_from_python&lt;pyOmega&amp;&gt; &gt; (f=@0xa1af38, tc=@0x7fff662dd230) at /usr/include/boost/python/detail/invoke.hpp:94
#3  0x00007fbb2bcc1c22 in boost::python::detail::caller_arity&lt;1u&gt;::impl&lt;void (pyOmega::*)(), boost::python::default_call_policies, boost::mpl::vector2&lt;void, pyOmega&amp;&gt; &gt;::operator() (this=0xa1af38, args_=0x1106a50) at /usr/include/boost/python/detail/caller.hpp:199
#4  0x00007fbb2bcc1c75 in boost::python::objects::caller_py_function_impl&lt;boost::python::detail::caller&lt;void (pyOmega::*)(), boost::python::default_call_policies, boost::mpl::vector2&lt;void, pyOmega&amp;&gt; &gt; &gt;::operator() (this=0xa1af30, args=0x1106a50, kw=0x0) at /usr/include/boost/python/object/py_function.hpp:38
#5  0x00007fbb5b85babe in boost::python::objects::function::call () from /usr/lib/libboost_python-gcc42-mt-1_34_1.so.1.34.1
#6  0x00007fbb5b85bde8 in ?? () from /usr/lib/libboost_python-gcc42-mt-1_34_1.so.1.34.1
#7  0x00007fbb5d4de537 in boost::function0&lt;void, std::allocator&lt;boost::function_base&gt; &gt;::operator() () from /usr/lib/libboost_thread-gcc42-mt-1_34_1.so.1.34.1
#8  0x00007fbb5b8639f8 in boost::python::handle_exception_impl () from /usr/lib/libboost_python-gcc42-mt-1_34_1.so.1.34.1
#9  0x00007fbb5b859127 in ?? () from /usr/lib/libboost_python-gcc42-mt-1_34_1.so.1.34.1
#10 0x00007fbb5dd8af23 in PyObject_Call () from /usr/lib/libpython2.5.so.1.0
#11 0x00007fbb5de08bb0 in PyEval_EvalFrameEx () from /usr/lib/libpython2.5.so.1.0
#12 0x00007fbb5de0ca86 in PyEval_EvalCodeEx () from /usr/lib/libpython2.5.so.1.0
#13 0x00007fbb5de0cba2 in PyEval_EvalCode () from /usr/lib/libpython2.5.so.1.0
#14 0x00007fbb5de2fda1 in PyRun_FileExFlags () from /usr/lib/libpython2.5.so.1.0
#15 0x00007fbb5de048d6 in ?? () from /usr/lib/libpython2.5.so.1.0
#16 0x00007fbb5de0b940 in PyEval_EvalFrameEx () from /usr/lib/libpython2.5.so.1.0
#17 0x00007fbb5de0ca86 in PyEval_EvalCodeEx () from /usr/lib/libpython2.5.so.1.0
#18 0x00007fbb5de0cba2 in PyEval_EvalCode () from /usr/lib/libpython2.5.so.1.0
#19 0x00007fbb5de2fda1 in PyRun_FileExFlags () from /usr/lib/libpython2.5.so.1.0
#20 0x00007fbb5de3003b in PyRun_SimpleFileExFlags () from /usr/lib/libpython2.5.so.1.0
#21 0x00007fbb4a5545cc in PythonUI::execScript (script={static npos = 18446744073709551615, _M_dataplus = {&lt;std::allocator&lt;char&gt;&gt; = {&lt;__gnu_cxx::new_allocator&lt;char&gt;&gt; = {&lt;No data fields&gt;}, &lt;No data fields&gt;}, _M_p = 0x7fff662de280 &quot;&#216;&#162;\212&quot;}}) at gui/py/PythonUI.cpp:44
#22 0x00007fbb4a55591b in PythonUI::pythonSession () at gui/py/PythonUI.cpp:96
#23 0x00007fbb4a5568d9 in PythonUI::run (this=0x844800, argc=4, argv=0x7fff662defa0) at gui/py/PythonUI.cpp:128
#24 0x000000000058b93c in main (argc=4, argv=0x7fff662defa0) at core/yade.cpp:260
#0  0x00007fbb5db44e81 in nanosleep () from /lib/libpthread.so.0

-------------- next part --------------
_______________________________________________
Mailing list: <A HREF="https://launchpad.net/~yade-dev">https://launchpad.net/~yade-dev</A>
Post to     : <A HREF="https://lists.berlios.de/mailman/listinfo/yade-dev">yade-dev at lists.launchpad.net</A>
Unsubscribe : <A HREF="https://launchpad.net/~yade-dev">https://launchpad.net/~yade-dev</A>
More help   : <A HREF="https://help.launchpad.net/ListHelp">https://help.launchpad.net/ListHelp</A>
</PRE>

<!--endarticle-->
    <HR>
    <P><UL>
        <!--threads-->
	<LI>Previous message: <A HREF="000596.html">[deprecated list] [Yade-dev] [svn] r1626 - in trunk/gui: . py
</A></li>
	<LI>Next message: <A HREF="000598.html">[deprecated list] [Yade-dev] [svn] r1627 - in trunk: extra	gui/qt3	pkg/common/Engine/DeusExMachina
</A></li>
         <LI> <B>Messages sorted by:</B> 
              <a href="date.html#597">[ date ]</a>
              <a href="thread.html#597">[ thread ]</a>
              <a href="subject.html#597">[ subject ]</a>
              <a href="author.html#597">[ author ]</a>
         </LI>
       </UL>

<hr>
<a href="https://lists.berlios.de/mailman/listinfo/yade-dev">More information about the yade-dev
mailing list</a><br>
</body></html>
