<!DOCTYPE HTML PUBLIC "-//W3C//DTD HTML 4.01 Transitional//EN">
<HTML>
 <HEAD>
   <TITLE> [deprecated list] [Yade-dev] Automated crash report	for	/tmp/yade-26020/bin/yade-svn1558:	DirectShearCis, FEMBeam,	HydraulicTest, SDECImpactTest, STLImporterTest, SimpleShear,	TriaxialTest, USCTGen
   </TITLE>
   <LINK REL="Index" HREF="http://lists.berlios.de/pipermail/yade-dev/2008/index.html" >
   <LINK REL="made" HREF="mailto:yade-dev%40lists.berlios.de?Subject=Re%3A%20%5Bdeprecated%20list%5D%20%5BYade-dev%5D%20Automated%20crash%20report%0A%09for%09/tmp/yade-26020/bin/yade-svn1558%3A%09DirectShearCis%2C%20FEMBeam%2C%0A%09HydraulicTest%2C%20SDECImpactTest%2C%20STLImporterTest%2C%20SimpleShear%2C%0A%09TriaxialTest%2C%20USCTGen&In-Reply-To=%3C20081025221037.250529806A%40delta%3E">
   <META NAME="robots" CONTENT="index,nofollow">
   <style type="text/css">
       pre {
           white-space: pre-wrap;       /* css-2.1, curent FF, Opera, Safari */
           }
   </style>
   <META http-equiv="Content-Type" content="text/html; charset=us-ascii">
   <LINK REL="Previous"  HREF="000466.html">
   <LINK REL="Next"  HREF="000468.html">
 </HEAD>
 <BODY BGCOLOR="#ffffff">
   <H1>[deprecated list] [Yade-dev] Automated crash report	for	/tmp/yade-26020/bin/yade-svn1558:	DirectShearCis, FEMBeam,	HydraulicTest, SDECImpactTest, STLImporterTest, SimpleShear,	TriaxialTest, USCTGen</H1>
    <B>eudoxos at arcig.cz</B> 
    <A HREF="mailto:yade-dev%40lists.berlios.de?Subject=Re%3A%20%5Bdeprecated%20list%5D%20%5BYade-dev%5D%20Automated%20crash%20report%0A%09for%09/tmp/yade-26020/bin/yade-svn1558%3A%09DirectShearCis%2C%20FEMBeam%2C%0A%09HydraulicTest%2C%20SDECImpactTest%2C%20STLImporterTest%2C%20SimpleShear%2C%0A%09TriaxialTest%2C%20USCTGen&In-Reply-To=%3C20081025221037.250529806A%40delta%3E"
       TITLE="[deprecated list] [Yade-dev] Automated crash report	for	/tmp/yade-26020/bin/yade-svn1558:	DirectShearCis, FEMBeam,	HydraulicTest, SDECImpactTest, STLImporterTest, SimpleShear,	TriaxialTest, USCTGen">eudoxos at arcig.cz
       </A><BR>
    <I>Sun Oct 26 00:10:37 CEST 2008</I>
    <P><UL>
        <LI>Previous message: <A HREF="000466.html">[deprecated list] [Yade-dev] trunk doesn't compile	(TesselationWrapper)
</A></li>
        <LI>Next message: <A HREF="000468.html">[deprecated list] [Yade-dev] [svn] r1559 - in trunk: . gui/py	lib/smoothing
</A></li>
         <LI> <B>Messages sorted by:</B> 
              <a href="date.html#467">[ date ]</a>
              <a href="thread.html#467">[ thread ]</a>
              <a href="subject.html#467">[ subject ]</a>
              <a href="author.html#467">[ author ]</a>
         </LI>
       </UL>
    <HR>  
<!--beginarticle-->
<PRE>################################################################################
DirectShearCis: generator CRASH
################################################################################
Python TCP server listening on localhost:9002, auth cookie is `sdyeks'
Running script /tmp/yade-test-29105.py
Cannot find input file
Traceback (most recent call last):
  File &quot;/tmp/yade-26020/lib/yade-svn1558/gui/PythonUI_rc.py&quot;, line 37, in &lt;module&gt;
    try: execfile(runtime.script)
  File &quot;/tmp/yade-test-29105.py&quot;, line 3, in &lt;module&gt;
    Preprocessor('DirectShearCis').generate('/tmp/yade-test-29105.xml')
RuntimeError: Generator reported error: Cannot find input file

################################################################################
FEMBeam: generator CRASH
################################################################################
Python TCP server listening on localhost:9002, auth cookie is `aeucsk'
Running script /tmp/yade-test-29105.py
/tmp/yade-26020/build-svn1558/include/yade-svn1558/yade/core/MetaEngine1D.hpp:57 WARNING! dynamic cast of engine unit FEMTetrahedronStiffness failed, will use static_cast. Go figure why.
/tmp/yade-26020/build-svn1558/include/yade-svn1558/yade/core/MetaEngine2D.hpp:61 WARNING! dynamic cast of engine unit FEMSet2Tetrahedrons failed, will use static_cast. Go figure why.
Traceback (most recent call last):
  File &quot;/tmp/yade-26020/lib/yade-svn1558/gui/PythonUI_rc.py&quot;, line 37, in &lt;module&gt;
    try: execfile(runtime.script)
  File &quot;/tmp/yade-test-29105.py&quot;, line 3, in &lt;module&gt;
    Preprocessor('FEMBeam').generate('/tmp/yade-test-29105.xml')
RuntimeError: Generator reported error: Cannot find input file, you can copy it from examples/ directory

################################################################################
HydraulicTest: generator CRASH
################################################################################
Traceback (most recent call last):
  File &quot;/tmp/yade-26020/lib/yade-svn1558/gui/PythonUI_rc.py&quot;, line 37, in &lt;module&gt;
    try: execfile(runtime.script)
  File &quot;/tmp/yade-test-29105.py&quot;, line 3, in &lt;module&gt;
    Preprocessor('HydraulicTest').generate('/tmp/yade-test-29105.xml')
RuntimeError: Generator reported error: Error: cannot load the file that should contain spheres
Python TCP server listening on localhost:9002, auth cookie is `asueyc'
Running script /tmp/yade-test-29105.py

################################################################################
SDECImpactTest: generator CRASH
################################################################################
Traceback (most recent call last):
  File &quot;/tmp/yade-26020/lib/yade-svn1558/gui/PythonUI_rc.py&quot;, line 37, in &lt;module&gt;
    try: execfile(runtime.script)
  File &quot;/tmp/yade-test-29105.py&quot;, line 3, in &lt;module&gt;
    Preprocessor('SDECImpactTest').generate('/tmp/yade-test-29105.xml')
RuntimeError: Generator reported error: Cannot find input file, you can copy it from examples/ directory
Python TCP server listening on localhost:9002, auth cookie is `yedcks'
Running script /tmp/yade-test-29105.py

################################################################################
STLImporterTest: generator CRASH
################################################################################
Python TCP server listening on localhost:9002, auth cookie is `duessy'
Running script /tmp/yade-test-29105.py
Import walls geometry from file: hourglass.stl
730 [140538818066224] ERROR yade.STLImporter  - lib/import/STLImporter.cpp:27 open: Can't open file: hourglass.stl
ERROR: Bad file: hourglass.stl
Traceback (most recent call last):
  File &quot;/tmp/yade-26020/lib/yade-svn1558/gui/PythonUI_rc.py&quot;, line 37, in &lt;module&gt;
    try: execfile(runtime.script)
  File &quot;/tmp/yade-test-29105.py&quot;, line 3, in &lt;module&gt;
    Preprocessor('STLImporterTest').generate('/tmp/yade-test-29105.xml')
RuntimeError: Generator reported error: Input file not found, you can copy it from examples/ directory or make one using blender 3D modelling

################################################################################
SimpleShear: generator CRASH
################################################################################
Python TCP server listening on localhost:9002, auth cookie is `ksucsa'
Running script /tmp/yade-test-29105.py
Cannot find input file
Traceback (most recent call last):
  File &quot;/tmp/yade-26020/lib/yade-svn1558/gui/PythonUI_rc.py&quot;, line 37, in &lt;module&gt;
    try: execfile(runtime.script)
  File &quot;/tmp/yade-test-29105.py&quot;, line 3, in &lt;module&gt;
    Preprocessor('SimpleShear').generate('/tmp/yade-test-29105.xml')
RuntimeError: Generator reported error: Cannot find input file

################################################################################
TriaxialTest: generator CRASH
################################################################################
Python TCP server listening on localhost:9002, auth cookie is `cakusy'
Running script /tmp/yade-test-29105.py
617 [139767962916656] FATAL yade.FileGenerator  - core/FileGenerator.cpp:71 generateAndSave: Unhandled exception: St16invalid_argument : File with spheres `../../YADE/trunk-clean/examples/sphere16bidisperse.txt' doesn't exist.
Traceback (most recent call last):
  File &quot;/tmp/yade-26020/lib/yade-svn1558/gui/PythonUI_rc.py&quot;, line 37, in &lt;module&gt;
    try: execfile(runtime.script)
  File &quot;/tmp/yade-test-29105.py&quot;, line 3, in &lt;module&gt;
    Preprocessor('TriaxialTest').generate('/tmp/yade-test-29105.xml')
RuntimeError: Generator reported error: Unhandled exception: St16invalid_argument : File with spheres `../../YADE/trunk-clean/examples/sphere16bidisperse.txt' doesn't exist.

################################################################################
USCTGen: simulation CRASH
################################################################################
yade-svn1558: extra/Brefcom.cpp:155: virtual void BrefcomLaw::action(MetaBody*): Assertion `contGeom-&gt;hasShear' failed.
Python TCP server listening on localhost:9002, auth cookie is `uedcsa'
Running script /tmp/yade-test-29105.py
SIGSEGV/SIGABRT handler called; gdb batch file is `/home/profesori/eudoxos/.yade-svn1558/gdb_crash_batch-pid29267'
GNU gdb 6.8-debian
Copyright (C) 2008 Free Software Foundation, Inc.
License GPLv3+: GNU GPL version 3 or later &lt;<A HREF="http://gnu.org/licenses/gpl.html">http://gnu.org/licenses/gpl.html</A>&gt;
This is free software: you are free to change and redistribute it.
There is NO WARRANTY, to the extent permitted by law.  Type &quot;show copying&quot;
and &quot;show warranty&quot; for details.
This GDB was configured as &quot;x86_64-linux-gnu&quot;.
[Thread debugging using libthread_db enabled]
[New Thread 0x7f302b2b2730 (LWP 29267)]
[New Thread 0x40df9950 (LWP 29269)]
[New Thread 0x426b5950 (LWP 29268)]
warning: Lowest section in /usr/lib/libicudata.so.38 is .hash at 0000000000000120
0x00007f302ab58e81 in nanosleep () from /lib/libpthread.so.0
No symbol &quot;info&quot; in current context.

Thread 3 (Thread 0x426b5950 (LWP 29268)):
#0  0x00007f302ab587fb in accept () from /lib/libpthread.so.0
#1  0x00007f2ffc8b5947 in ?? () from /usr/lib/python2.5/lib-dynload/_socket.so
#2  0x00007f302ae1eb57 in PyEval_EvalFrameEx () from /usr/lib/libpython2.5.so.1.0
#3  0x00007f302ae1f893 in PyEval_EvalFrameEx () from /usr/lib/libpython2.5.so.1.0
#4  0x00007f302ae1f893 in PyEval_EvalFrameEx () from /usr/lib/libpython2.5.so.1.0
#5  0x00007f302ae1f893 in PyEval_EvalFrameEx () from /usr/lib/libpython2.5.so.1.0
#6  0x00007f302ae20a86 in PyEval_EvalCodeEx () from /usr/lib/libpython2.5.so.1.0
#7  0x00007f302adc070a in ?? () from /usr/lib/libpython2.5.so.1.0
#8  0x00007f302ad9ef23 in PyObject_Call () from /usr/lib/libpython2.5.so.1.0
#9  0x00007f302ada665f in ?? () from /usr/lib/libpython2.5.so.1.0
#10 0x00007f302ad9ef23 in PyObject_Call () from /usr/lib/libpython2.5.so.1.0
#11 0x00007f302ae19a1e in PyEval_CallObjectWithKeywords () from /usr/lib/libpython2.5.so.1.0
#12 0x00007f302ae4eeed in ?? () from /usr/lib/libpython2.5.so.1.0
#13 0x00007f302ab513f7 in start_thread () from /lib/libpthread.so.0
#14 0x00007f3026f85b3d in clone () from /lib/libc.so.6
#15 0x0000000000000000 in ?? ()

Thread 2 (Thread 0x40df9950 (LWP 29269)):
#0  0x00007f3026f4b4df in waitpid () from /lib/libc.so.6
#1  0x00007f3026eec461 in ?? () from /lib/libc.so.6
#2  0x00007f3026eec7e7 in system () from /lib/libc.so.6
#3  0x0000000000577b3d in sigHandler (sig=6) at core/yade.cpp:60
#4  &lt;signal handler called&gt;
#5  0x00007f3026ee0095 in raise () from /lib/libc.so.6
#6  0x00007f3026ee1af0 in abort () from /lib/libc.so.6
#7  0x00007f3026ed92df in __assert_fail () from /lib/libc.so.6
#8  0x00007f301977dc9f in BrefcomLaw::action (this=0x7f2ff4007340, _rootBody=0x7f2ff40055f0) at extra/Brefcom.cpp:155
#9  0x000000000051aabf in MetaBody::moveToNextTimeStep (this=0x7f2ff40055f0) at core/MetaBody.cpp:95
#10 0x000000000056ea8b in SimulationFlow::singleAction (this=0x819c10) at core/SimulationFlow.cpp:18
#11 0x00000000005709df in ThreadWorker::callSingleAction (this=0x819c10) at core/ThreadWorker.cpp:71
#12 0x00000000005701d2 in ThreadRunner::call (this=0x7f2ff40058d0) at core/ThreadRunner.cpp:44
#13 0x0000000000570238 in ThreadRunner::run (this=0x7f2ff40058d0) at core/ThreadRunner.cpp:23
#14 0x00000000005706b0 in boost::_mfi::mf0&lt;void, ThreadRunner&gt;::operator() (this=0x40df90c8, p=0x7f2ff40058d0) at /usr/include/boost/bind/mem_fn_template.hpp:49
#15 0x000000000057071d in boost::_bi::list1&lt;boost::_bi::value&lt;ThreadRunner*&gt; &gt;::operator()&lt;boost::_mfi::mf0&lt;void, ThreadRunner&gt;, boost::_bi::list0&gt; (this=0x40df90d8, f=@0x40df90c8, a=@0x40df902f) at /usr/include/boost/bind.hpp:231
#16 0x000000000057075a in boost::_bi::bind_t&lt;void, boost::_mfi::mf0&lt;void, ThreadRunner&gt;, boost::_bi::list1&lt;boost::_bi::value&lt;ThreadRunner*&gt; &gt; &gt;::operator() (this=0x40df90c8) at /usr/include/boost/bind/bind_template.hpp:20
#17 0x0000000000570779 in boost::detail::function::void_function_obj_invoker0&lt;boost::_bi::bind_t&lt;void, boost::_mfi::mf0&lt;void, ThreadRunner&gt;, boost::_bi::list1&lt;boost::_bi::value&lt;ThreadRunner*&gt; &gt; &gt;, void&gt;::invoke (function_obj_ptr=@0x40df90c8) at /usr/include/boost/function/function_template.hpp:155
#18 0x00007f302a4f2537 in boost::function0&lt;void, std::allocator&lt;boost::function_base&gt; &gt;::operator() () from /usr/lib/libboost_thread-gcc42-mt-1_34_1.so.1.34.1
#19 0x00007f302a4f21a2 in ?? () from /usr/lib/libboost_thread-gcc42-mt-1_34_1.so.1.34.1
#20 0x00007f302ab513f7 in start_thread () from /lib/libpthread.so.0
#21 0x00007f3026f85b3d in clone () from /lib/libc.so.6
#22 0x0000000000000000 in ?? ()

Thread 1 (Thread 0x7f302b2b2730 (LWP 29267)):
#0  0x00007f302ab58e81 in nanosleep () from /lib/libpthread.so.0
#1  0x00007f2ffd0c4995 in pyOmega::wait (this=0x7f2ff4000a50) at gui/py/yadeControl.cpp:424
#2  0x00007f2ffcfb6761 in boost::python::detail::invoke&lt;int, void (pyOmega::*)(), boost::python::arg_from_python&lt;pyOmega&amp;&gt; &gt; (f=@0xa539a8, tc=@0x7fff332f3260) at /usr/include/boost/python/detail/invoke.hpp:94
#3  0x00007f2ffd05bb74 in boost::python::detail::caller_arity&lt;1u&gt;::impl&lt;void (pyOmega::*)(), boost::python::default_call_policies, boost::mpl::vector2&lt;void, pyOmega&amp;&gt; &gt;::operator() (this=0xa539a8, args_=0xadc990) at /usr/include/boost/python/detail/caller.hpp:199
#4  0x00007f2ffd05bbc7 in boost::python::objects::caller_py_function_impl&lt;boost::python::detail::caller&lt;void (pyOmega::*)(), boost::python::default_call_policies, boost::mpl::vector2&lt;void, pyOmega&amp;&gt; &gt; &gt;::operator() (this=0xa539a0, args=0xadc990, kw=0x0) at /usr/include/boost/python/object/py_function.hpp:38
#5  0x00007f302886fabe in boost::python::objects::function::call () from /usr/lib/libboost_python-gcc42-mt-1_34_1.so.1.34.1
#6  0x00007f302886fde8 in ?? () from /usr/lib/libboost_python-gcc42-mt-1_34_1.so.1.34.1
#7  0x00007f302a4f2537 in boost::function0&lt;void, std::allocator&lt;boost::function_base&gt; &gt;::operator() () from /usr/lib/libboost_thread-gcc42-mt-1_34_1.so.1.34.1
#8  0x00007f30288779f8 in boost::python::handle_exception_impl () from /usr/lib/libboost_python-gcc42-mt-1_34_1.so.1.34.1
#9  0x00007f302886d127 in ?? () from /usr/lib/libboost_python-gcc42-mt-1_34_1.so.1.34.1
#10 0x00007f302ad9ef23 in PyObject_Call () from /usr/lib/libpython2.5.so.1.0
#11 0x00007f302ae1cbb0 in PyEval_EvalFrameEx () from /usr/lib/libpython2.5.so.1.0
#12 0x00007f302ae20a86 in PyEval_EvalCodeEx () from /usr/lib/libpython2.5.so.1.0
#13 0x00007f302ae20ba2 in PyEval_EvalCode () from /usr/lib/libpython2.5.so.1.0
#14 0x00007f302ae43da1 in PyRun_FileExFlags () from /usr/lib/libpython2.5.so.1.0
#15 0x00007f302ae188d6 in ?? () from /usr/lib/libpython2.5.so.1.0
#16 0x00007f302ae1f940 in PyEval_EvalFrameEx () from /usr/lib/libpython2.5.so.1.0
#17 0x00007f302ae20a86 in PyEval_EvalCodeEx () from /usr/lib/libpython2.5.so.1.0
#18 0x00007f302ae20ba2 in PyEval_EvalCode () from /usr/lib/libpython2.5.so.1.0
#19 0x00007f302ae43da1 in PyRun_FileExFlags () from /usr/lib/libpython2.5.so.1.0
#20 0x00007f302ae4403b in PyRun_SimpleFileExFlags () from /usr/lib/libpython2.5.so.1.0
#21 0x00007f3017892fe6 in PythonUI::execScript (script={static npos = 18446744073709551615, _M_dataplus = {&lt;std::allocator&lt;char&gt;&gt; = {&lt;__gnu_cxx::new_allocator&lt;char&gt;&gt; = {&lt;No data fields&gt;}, &lt;No data fields&gt;}, _M_p = 0x7fff332f42a0 &quot;&#168;&#168;\201&quot;}}) at gui/py/PythonUI.cpp:44
#22 0x00007f301789430b in PythonUI::pythonSession () at gui/py/PythonUI.cpp:96
#23 0x00007f30178952c9 in PythonUI::run (this=0x81a6e0, argc=4, argv=0x7fff332f4fc0) at gui/py/PythonUI.cpp:128
#24 0x000000000057749e in main (argc=4, argv=0x7fff332f4fc0) at core/yade.cpp:253
#0  0x00007f302ab58e81 in nanosleep () from /lib/libpthread.so.0

-------------- next part --------------
_______________________________________________
Mailing list: <A HREF="https://launchpad.net/~yade-dev">https://launchpad.net/~yade-dev</A>
Post to     : <A HREF="https://lists.berlios.de/mailman/listinfo/yade-dev">yade-dev at lists.launchpad.net</A>
Unsubscribe : <A HREF="https://launchpad.net/~yade-dev">https://launchpad.net/~yade-dev</A>
More help   : <A HREF="https://help.launchpad.net/ListHelp">https://help.launchpad.net/ListHelp</A>
</PRE>

<!--endarticle-->
    <HR>
    <P><UL>
        <!--threads-->
	<LI>Previous message: <A HREF="000466.html">[deprecated list] [Yade-dev] trunk doesn't compile	(TesselationWrapper)
</A></li>
	<LI>Next message: <A HREF="000468.html">[deprecated list] [Yade-dev] [svn] r1559 - in trunk: . gui/py	lib/smoothing
</A></li>
         <LI> <B>Messages sorted by:</B> 
              <a href="date.html#467">[ date ]</a>
              <a href="thread.html#467">[ thread ]</a>
              <a href="subject.html#467">[ subject ]</a>
              <a href="author.html#467">[ author ]</a>
         </LI>
       </UL>

<hr>
<a href="https://lists.berlios.de/mailman/listinfo/yade-dev">More information about the yade-dev
mailing list</a><br>
</body></html>
